<?xml version="1.0" encoding="UTF-8" ?>
<testsuite tests="4" failures="0" name="com.markphilpot.ElfCaloriesTest" time="0.267" errors="0" skipped="0">
  <properties>
[...]
</properties>
  <testcase classname="com.markphilpot.ElfCaloriesTest" name="testInput" time="0.26"/>
  <testcase classname="com.markphilpot.ElfCaloriesTest" name="testSampleTopThree" time="0.002"/>
  <testcase classname="com.markphilpot.ElfCaloriesTest" name="testInputTopThree" time="0.004"/>
  <testcase classname="com.markphilpot.ElfCaloriesTest" name="testSample" time="0.001"/>
</testsuite>